2021-06-05 10:38:05,827 INFO o.a.j.u.JMeterUtils: Setting Locale to en_EN
2021-06-05 10:38:05,853 INFO o.a.j.JMeter: Loading user properties from: /usr/local/Cellar/jmeter/5.4.1/libexec/bin/user.properties
2021-06-05 10:38:05,854 INFO o.a.j.JMeter: Loading system properties from: /usr/local/Cellar/jmeter/5.4.1/libexec/bin/system.properties
2021-06-05 10:38:05,861 INFO o.a.j.JMeter: Copyright (c) 1998-2021 The Apache Software Foundation
2021-06-05 10:38:05,861 INFO o.a.j.JMeter: Version 5.4.1
2021-06-05 10:38:05,861 INFO o.a.j.JMeter: java.version=16.0.1
2021-06-05 10:38:05,862 INFO o.a.j.JMeter: java.vm.name=OpenJDK 64-Bit Server VM
2021-06-05 10:38:05,862 INFO o.a.j.JMeter: os.name=Mac OS X
2021-06-05 10:38:05,862 INFO o.a.j.JMeter: os.arch=x86_64
2021-06-05 10:38:05,862 INFO o.a.j.JMeter: os.version=11.4
2021-06-05 10:38:05,862 INFO o.a.j.JMeter: file.encoding=UTF-8
2021-06-05 10:38:05,862 INFO o.a.j.JMeter: java.awt.headless=null
2021-06-05 10:38:05,862 INFO o.a.j.JMeter: Max memory     =1073741824
2021-06-05 10:38:05,862 INFO o.a.j.JMeter: Available Processors =16
2021-06-05 10:38:05,873 INFO o.a.j.JMeter: Default Locale=English (EN)
2021-06-05 10:38:05,873 INFO o.a.j.JMeter: JMeter  Locale=English (EN)
2021-06-05 10:38:05,873 INFO o.a.j.JMeter: JMeterHome=/usr/local/Cellar/jmeter/5.4.1/libexec
2021-06-05 10:38:05,873 INFO o.a.j.JMeter: user.dir  =/Users/lawrence_li/Documents/11_Code/14_High Availablibility Online Shopping System for Black Friday
2021-06-05 10:38:05,873 INFO o.a.j.JMeter: PWD       =/Users/lawrence_li/Documents/11_Code/14_High Availablibility Online Shopping System for Black Friday
2021-06-05 10:38:05,875 INFO o.a.j.JMeter: IP: 127.0.0.1 Name: Lawrence-Lis-MacBook-Pro.local FullName: localhost
2021-06-05 10:38:06,279 INFO o.a.j.JMeter: Setting LAF to: com.github.weisj.darklaf.DarkLaf:com.github.weisj.darklaf.theme.DarculaTheme
2021-06-05 10:38:07,354 INFO o.a.j.JMeter: Loaded icon properties from org/apache/jmeter/images/icon.properties
2021-06-05 10:38:08,411 INFO o.j.r.JARSourceHTTP: Requesting https://jmeter-plugins.org/repo/?installID=mac_os_x-5f5c58d1c5347f53ba5c279426183349-gui
2021-06-05 10:38:09,556 INFO o.j.r.PluginManager: Plugins Status: [jpgc-plugins-manager=1.6, jmeter-core=5.4.1, jmeter-ftp=5.4.1, jmeter-http=5.4.1, jmeter-jdbc=5.4.1, jmeter-jms=5.4.1, jmeter-junit=5.4.1, jmeter-java=5.4.1, jmeter-ldap=5.4.1, jmeter-mail=5.4.1, jmeter-mongodb=5.4.1, jmeter-native=5.4.1, jmeter-tcp=5.4.1, jmeter-components=5.4.1]
2021-06-05 10:38:34,382 INFO o.a.j.p.h.s.HTTPSamplerBase: Parser for text/html is org.apache.jmeter.protocol.http.parser.LagartoBasedHtmlParser
2021-06-05 10:38:34,383 INFO o.a.j.p.h.s.HTTPSamplerBase: Parser for application/xhtml+xml is org.apache.jmeter.protocol.http.parser.LagartoBasedHtmlParser
2021-06-05 10:38:34,383 INFO o.a.j.p.h.s.HTTPSamplerBase: Parser for application/xml is org.apache.jmeter.protocol.http.parser.LagartoBasedHtmlParser
2021-06-05 10:38:34,383 INFO o.a.j.p.h.s.HTTPSamplerBase: Parser for text/xml is org.apache.jmeter.protocol.http.parser.LagartoBasedHtmlParser
2021-06-05 10:38:34,383 INFO o.a.j.p.h.s.HTTPSamplerBase: Parser for text/vnd.wap.wml is org.apache.jmeter.protocol.http.parser.RegexpHTMLParser
2021-06-05 10:38:34,383 INFO o.a.j.p.h.s.HTTPSamplerBase: Parser for text/css is org.apache.jmeter.protocol.http.parser.CssParser
2021-06-05 10:39:36,795 INFO o.a.j.e.StandardJMeterEngine: Running the test!
2021-06-05 10:39:36,795 INFO o.a.j.s.SampleEvent: List of sample_variables: []
2021-06-05 10:39:36,795 INFO o.a.j.s.SampleEvent: List of sample_variables: []
2021-06-05 10:39:36,796 INFO o.a.j.e.u.CompoundVariable: Note: Function class names must contain the string: '.functions.'
2021-06-05 10:39:36,797 INFO o.a.j.e.u.CompoundVariable: Note: Function class names must not contain the string: '.gui.'
2021-06-05 10:39:36,824 INFO o.a.j.g.u.JMeterMenuBar: setRunning(true, *local*)
2021-06-05 10:39:36,852 INFO o.a.j.e.StandardJMeterEngine: Starting ThreadGroup: 1 : Thread Group
2021-06-05 10:39:36,852 INFO o.a.j.e.StandardJMeterEngine: Starting 30 threads for group Thread Group.
2021-06-05 10:39:36,852 INFO o.a.j.e.StandardJMeterEngine: Thread will continue on error
2021-06-05 10:39:36,852 INFO o.a.j.t.ThreadGroup: Starting thread group... number=1 threads=30 ramp-up=1 delayedStart=false
2021-06-05 10:39:36,855 INFO o.a.j.t.JMeterThread: Thread started: Thread Group 1-1
2021-06-05 10:39:36,861 INFO o.a.j.t.ThreadGroup: Started thread group number 1
2021-06-05 10:39:36,861 INFO o.a.j.e.StandardJMeterEngine: All thread groups have been started
2021-06-05 10:39:36,861 INFO o.a.j.p.h.s.HTTPHCAbstractImpl: Local host = Lawrence-Lis-MacBook-Pro.local
2021-06-05 10:39:36,866 INFO o.a.j.p.h.s.HTTPHC4Impl: HTTP request retry count = 0
2021-06-05 10:39:36,867 INFO o.a.j.s.SampleResult: Note: Sample TimeStamps are START times
2021-06-05 10:39:36,867 INFO o.a.j.s.SampleResult: sampleresult.default.encoding is set to ISO-8859-1
2021-06-05 10:39:36,867 INFO o.a.j.s.SampleResult: sampleresult.useNanoTime=true
2021-06-05 10:39:36,867 INFO o.a.j.s.SampleResult: sampleresult.nanoThreadSleep=5000
2021-06-05 10:39:36,886 INFO o.a.j.t.JMeterThread: Thread started: Thread Group 1-2
2021-06-05 10:39:36,923 INFO o.a.j.t.JMeterThread: Thread started: Thread Group 1-3
2021-06-05 10:39:36,954 INFO o.a.j.t.JMeterThread: Thread started: Thread Group 1-4
2021-06-05 10:39:36,986 INFO o.a.j.t.JMeterThread: Thread started: Thread Group 1-5
2021-06-05 10:39:37,019 INFO o.a.j.t.JMeterThread: Thread started: Thread Group 1-6
2021-06-05 10:39:37,055 INFO o.a.j.t.JMeterThread: Thread started: Thread Group 1-7
2021-06-05 10:39:37,088 INFO o.a.j.t.JMeterThread: Thread started: Thread Group 1-8
2021-06-05 10:39:37,119 INFO o.a.j.t.JMeterThread: Thread started: Thread Group 1-9
2021-06-05 10:39:37,153 INFO o.a.j.t.JMeterThread: Thread started: Thread Group 1-10
2021-06-05 10:39:37,183 INFO o.a.j.t.JMeterThread: Thread started: Thread Group 1-11
2021-06-05 10:39:37,216 INFO o.a.j.t.JMeterThread: Thread started: Thread Group 1-12
2021-06-05 10:39:37,250 INFO o.a.j.t.JMeterThread: Thread started: Thread Group 1-13
2021-06-05 10:39:37,284 INFO o.a.j.t.JMeterThread: Thread started: Thread Group 1-14
2021-06-05 10:39:37,318 INFO o.a.j.t.JMeterThread: Thread started: Thread Group 1-15
2021-06-05 10:39:37,351 INFO o.a.j.t.JMeterThread: Thread started: Thread Group 1-16
2021-06-05 10:39:37,384 INFO o.a.j.t.JMeterThread: Thread started: Thread Group 1-17
2021-06-05 10:39:37,418 INFO o.a.j.t.JMeterThread: Thread started: Thread Group 1-18
2021-06-05 10:39:37,451 INFO o.a.j.t.JMeterThread: Thread started: Thread Group 1-19
2021-06-05 10:39:37,481 INFO o.a.j.t.JMeterThread: Thread is done: Thread Group 1-5
2021-06-05 10:39:37,482 INFO o.a.j.t.JMeterThread: Thread finished: Thread Group 1-5
2021-06-05 10:39:37,483 INFO o.a.j.t.JMeterThread: Thread is done: Thread Group 1-7
2021-06-05 10:39:37,483 INFO o.a.j.t.JMeterThread: Thread finished: Thread Group 1-7
2021-06-05 10:39:37,483 INFO o.a.j.t.JMeterThread: Thread is done: Thread Group 1-1
2021-06-05 10:39:37,483 INFO o.a.j.t.JMeterThread: Thread is done: Thread Group 1-2
2021-06-05 10:39:37,483 INFO o.a.j.t.JMeterThread: Thread finished: Thread Group 1-2
2021-06-05 10:39:37,483 INFO o.a.j.t.JMeterThread: Thread finished: Thread Group 1-1
2021-06-05 10:39:37,484 INFO o.a.j.t.JMeterThread: Thread started: Thread Group 1-20
2021-06-05 10:39:37,485 INFO o.a.j.t.JMeterThread: Thread is done: Thread Group 1-16
2021-06-05 10:39:37,486 INFO o.a.j.t.JMeterThread: Thread finished: Thread Group 1-16
2021-06-05 10:39:37,488 INFO o.a.j.t.JMeterThread: Thread is done: Thread Group 1-4
2021-06-05 10:39:37,488 INFO o.a.j.t.JMeterThread: Thread is done: Thread Group 1-11
2021-06-05 10:39:37,488 INFO o.a.j.t.JMeterThread: Thread finished: Thread Group 1-11
2021-06-05 10:39:37,488 INFO o.a.j.t.JMeterThread: Thread finished: Thread Group 1-4
2021-06-05 10:39:37,488 INFO o.a.j.t.JMeterThread: Thread is done: Thread Group 1-15
2021-06-05 10:39:37,488 INFO o.a.j.t.JMeterThread: Thread finished: Thread Group 1-15
2021-06-05 10:39:37,489 INFO o.a.j.t.JMeterThread: Thread is done: Thread Group 1-13
2021-06-05 10:39:37,490 INFO o.a.j.t.JMeterThread: Thread finished: Thread Group 1-13
2021-06-05 10:39:37,494 INFO o.a.j.t.JMeterThread: Thread is done: Thread Group 1-9
2021-06-05 10:39:37,494 INFO o.a.j.t.JMeterThread: Thread is done: Thread Group 1-18
2021-06-05 10:39:37,495 INFO o.a.j.t.JMeterThread: Thread finished: Thread Group 1-9
2021-06-05 10:39:37,494 INFO o.a.j.t.JMeterThread: Thread is done: Thread Group 1-14
2021-06-05 10:39:37,495 INFO o.a.j.t.JMeterThread: Thread finished: Thread Group 1-14
2021-06-05 10:39:37,495 INFO o.a.j.t.JMeterThread: Thread finished: Thread Group 1-18
2021-06-05 10:39:37,495 INFO o.a.j.t.JMeterThread: Thread is done: Thread Group 1-8
2021-06-05 10:39:37,495 INFO o.a.j.t.JMeterThread: Thread is done: Thread Group 1-10
2021-06-05 10:39:37,495 INFO o.a.j.t.JMeterThread: Thread finished: Thread Group 1-8
2021-06-05 10:39:37,495 INFO o.a.j.t.JMeterThread: Thread finished: Thread Group 1-10
2021-06-05 10:39:37,498 INFO o.a.j.t.JMeterThread: Thread is done: Thread Group 1-17
2021-06-05 10:39:37,498 INFO o.a.j.t.JMeterThread: Thread is done: Thread Group 1-3
2021-06-05 10:39:37,498 INFO o.a.j.t.JMeterThread: Thread is done: Thread Group 1-6
2021-06-05 10:39:37,498 INFO o.a.j.t.JMeterThread: Thread finished: Thread Group 1-17
2021-06-05 10:39:37,498 INFO o.a.j.t.JMeterThread: Thread finished: Thread Group 1-3
2021-06-05 10:39:37,498 INFO o.a.j.t.JMeterThread: Thread finished: Thread Group 1-6
2021-06-05 10:39:37,502 INFO o.a.j.t.JMeterThread: Thread is done: Thread Group 1-12
2021-06-05 10:39:37,502 INFO o.a.j.t.JMeterThread: Thread finished: Thread Group 1-12
2021-06-05 10:39:37,512 INFO o.a.j.t.JMeterThread: Thread is done: Thread Group 1-19
2021-06-05 10:39:37,512 INFO o.a.j.t.JMeterThread: Thread finished: Thread Group 1-19
2021-06-05 10:39:37,516 INFO o.a.j.t.JMeterThread: Thread started: Thread Group 1-21
2021-06-05 10:39:37,523 INFO o.a.j.t.JMeterThread: Thread is done: Thread Group 1-20
2021-06-05 10:39:37,523 INFO o.a.j.t.JMeterThread: Thread finished: Thread Group 1-20
2021-06-05 10:39:37,538 INFO o.a.j.t.JMeterThread: Thread is done: Thread Group 1-21
2021-06-05 10:39:37,539 INFO o.a.j.t.JMeterThread: Thread finished: Thread Group 1-21
2021-06-05 10:39:37,549 INFO o.a.j.t.JMeterThread: Thread started: Thread Group 1-22
2021-06-05 10:39:37,573 INFO o.a.j.t.JMeterThread: Thread is done: Thread Group 1-22
2021-06-05 10:39:37,573 INFO o.a.j.t.JMeterThread: Thread finished: Thread Group 1-22
2021-06-05 10:39:37,581 INFO o.a.j.t.JMeterThread: Thread started: Thread Group 1-23
2021-06-05 10:39:37,605 INFO o.a.j.t.JMeterThread: Thread is done: Thread Group 1-23
2021-06-05 10:39:37,605 INFO o.a.j.t.JMeterThread: Thread finished: Thread Group 1-23
2021-06-05 10:39:37,616 INFO o.a.j.t.JMeterThread: Thread started: Thread Group 1-24
2021-06-05 10:39:37,637 INFO o.a.j.t.JMeterThread: Thread is done: Thread Group 1-24
2021-06-05 10:39:37,637 INFO o.a.j.t.JMeterThread: Thread finished: Thread Group 1-24
2021-06-05 10:39:37,647 INFO o.a.j.t.JMeterThread: Thread started: Thread Group 1-25
2021-06-05 10:39:37,669 INFO o.a.j.t.JMeterThread: Thread is done: Thread Group 1-25
2021-06-05 10:39:37,669 INFO o.a.j.t.JMeterThread: Thread finished: Thread Group 1-25
2021-06-05 10:39:37,681 INFO o.a.j.t.JMeterThread: Thread started: Thread Group 1-26
2021-06-05 10:39:37,710 INFO o.a.j.t.JMeterThread: Thread is done: Thread Group 1-26
2021-06-05 10:39:37,710 INFO o.a.j.t.JMeterThread: Thread finished: Thread Group 1-26
2021-06-05 10:39:37,710 INFO o.a.j.t.JMeterThread: Thread started: Thread Group 1-27
2021-06-05 10:39:37,733 INFO o.a.j.t.JMeterThread: Thread is done: Thread Group 1-27
2021-06-05 10:39:37,733 INFO o.a.j.t.JMeterThread: Thread finished: Thread Group 1-27
2021-06-05 10:39:37,748 INFO o.a.j.t.JMeterThread: Thread started: Thread Group 1-28
2021-06-05 10:39:37,768 INFO o.a.j.t.JMeterThread: Thread is done: Thread Group 1-28
2021-06-05 10:39:37,768 INFO o.a.j.t.JMeterThread: Thread finished: Thread Group 1-28
2021-06-05 10:39:37,781 INFO o.a.j.t.JMeterThread: Thread started: Thread Group 1-29
2021-06-05 10:39:37,802 INFO o.a.j.t.JMeterThread: Thread is done: Thread Group 1-29
2021-06-05 10:39:37,802 INFO o.a.j.t.JMeterThread: Thread finished: Thread Group 1-29
2021-06-05 10:39:37,811 INFO o.a.j.t.JMeterThread: Thread started: Thread Group 1-30
2021-06-05 10:39:37,832 INFO o.a.j.t.JMeterThread: Thread is done: Thread Group 1-30
2021-06-05 10:39:37,832 INFO o.a.j.t.JMeterThread: Thread finished: Thread Group 1-30
2021-06-05 10:39:37,833 INFO o.a.j.e.StandardJMeterEngine: Notifying test listeners of end of test
2021-06-05 10:39:37,834 INFO o.a.j.s.FileServer: Default base='/Users/lawrence_li/Documents/11_Code/14_High Availablibility Online Shopping System for Black Friday'
2021-06-05 10:39:37,835 INFO o.a.j.g.u.JMeterMenuBar: setRunning(false, *local*)
2021-06-05 10:59:19,322 INFO o.a.j.e.StandardJMeterEngine: Running the test!
2021-06-05 10:59:19,322 INFO o.a.j.s.SampleEvent: List of sample_variables: []
2021-06-05 10:59:19,323 INFO o.a.j.g.u.JMeterMenuBar: setRunning(true, *local*)
2021-06-05 10:59:19,353 INFO o.a.j.e.StandardJMeterEngine: Starting ThreadGroup: 1 : Thread Group
2021-06-05 10:59:19,353 INFO o.a.j.e.StandardJMeterEngine: Starting 30 threads for group Thread Group.
2021-06-05 10:59:19,354 INFO o.a.j.e.StandardJMeterEngine: Thread will continue on error
2021-06-05 10:59:19,354 INFO o.a.j.t.ThreadGroup: Starting thread group... number=1 threads=30 ramp-up=1 delayedStart=false
2021-06-05 10:59:19,354 INFO o.a.j.t.JMeterThread: Thread started: Thread Group 1-1
2021-06-05 10:59:19,360 INFO o.a.j.t.ThreadGroup: Started thread group number 1
2021-06-05 10:59:19,360 INFO o.a.j.e.StandardJMeterEngine: All thread groups have been started
2021-06-05 10:59:19,390 INFO o.a.j.t.JMeterThread: Thread started: Thread Group 1-2
2021-06-05 10:59:19,424 INFO o.a.j.t.JMeterThread: Thread started: Thread Group 1-3
2021-06-05 10:59:19,455 INFO o.a.j.t.JMeterThread: Thread is done: Thread Group 1-1
2021-06-05 10:59:19,456 INFO o.a.j.t.JMeterThread: Thread finished: Thread Group 1-1
2021-06-05 10:59:19,457 INFO o.a.j.t.JMeterThread: Thread is done: Thread Group 1-2
2021-06-05 10:59:19,457 INFO o.a.j.t.JMeterThread: Thread is done: Thread Group 1-3
2021-06-05 10:59:19,457 INFO o.a.j.t.JMeterThread: Thread finished: Thread Group 1-3
2021-06-05 10:59:19,457 INFO o.a.j.t.JMeterThread: Thread finished: Thread Group 1-2
2021-06-05 10:59:19,457 INFO o.a.j.t.JMeterThread: Thread started: Thread Group 1-4
2021-06-05 10:59:19,471 INFO o.a.j.t.JMeterThread: Thread is done: Thread Group 1-4
2021-06-05 10:59:19,471 INFO o.a.j.t.JMeterThread: Thread finished: Thread Group 1-4
2021-06-05 10:59:19,489 INFO o.a.j.t.JMeterThread: Thread started: Thread Group 1-5
2021-06-05 10:59:19,506 INFO o.a.j.t.JMeterThread: Thread is done: Thread Group 1-5
2021-06-05 10:59:19,507 INFO o.a.j.t.JMeterThread: Thread finished: Thread Group 1-5
2021-06-05 10:59:19,522 INFO o.a.j.t.JMeterThread: Thread started: Thread Group 1-6
2021-06-05 10:59:19,551 INFO o.a.j.t.JMeterThread: Thread is done: Thread Group 1-6
2021-06-05 10:59:19,551 INFO o.a.j.t.JMeterThread: Thread finished: Thread Group 1-6
2021-06-05 10:59:19,557 INFO o.a.j.t.JMeterThread: Thread started: Thread Group 1-7
2021-06-05 10:59:19,570 INFO o.a.j.t.JMeterThread: Thread is done: Thread Group 1-7
2021-06-05 10:59:19,570 INFO o.a.j.t.JMeterThread: Thread finished: Thread Group 1-7
2021-06-05 10:59:19,590 INFO o.a.j.t.JMeterThread: Thread started: Thread Group 1-8
2021-06-05 10:59:19,603 INFO o.a.j.t.JMeterThread: Thread is done: Thread Group 1-8
2021-06-05 10:59:19,603 INFO o.a.j.t.JMeterThread: Thread finished: Thread Group 1-8
2021-06-05 10:59:19,623 INFO o.a.j.t.JMeterThread: Thread started: Thread Group 1-9
2021-06-05 10:59:19,653 INFO o.a.j.t.JMeterThread: Thread is done: Thread Group 1-9
2021-06-05 10:59:19,653 INFO o.a.j.t.JMeterThread: Thread finished: Thread Group 1-9
2021-06-05 10:59:19,656 INFO o.a.j.t.JMeterThread: Thread started: Thread Group 1-10
2021-06-05 10:59:19,667 INFO o.a.j.t.JMeterThread: Thread is done: Thread Group 1-10
2021-06-05 10:59:19,667 INFO o.a.j.t.JMeterThread: Thread finished: Thread Group 1-10
2021-06-05 10:59:19,689 INFO o.a.j.t.JMeterThread: Thread started: Thread Group 1-11
2021-06-05 10:59:19,702 INFO o.a.j.t.JMeterThread: Thread is done: Thread Group 1-11
2021-06-05 10:59:19,703 INFO o.a.j.t.JMeterThread: Thread finished: Thread Group 1-11
2021-06-05 10:59:19,718 INFO o.a.j.t.JMeterThread: Thread started: Thread Group 1-12
2021-06-05 10:59:19,746 INFO o.a.j.t.JMeterThread: Thread is done: Thread Group 1-12
2021-06-05 10:59:19,746 INFO o.a.j.t.JMeterThread: Thread finished: Thread Group 1-12
2021-06-05 10:59:19,751 INFO o.a.j.t.JMeterThread: Thread started: Thread Group 1-13
2021-06-05 10:59:19,765 INFO o.a.j.t.JMeterThread: Thread is done: Thread Group 1-13
2021-06-05 10:59:19,765 INFO o.a.j.t.JMeterThread: Thread finished: Thread Group 1-13
2021-06-05 10:59:19,785 INFO o.a.j.t.JMeterThread: Thread started: Thread Group 1-14
2021-06-05 10:59:19,800 INFO o.a.j.t.JMeterThread: Thread is done: Thread Group 1-14
2021-06-05 10:59:19,800 INFO o.a.j.t.JMeterThread: Thread finished: Thread Group 1-14
2021-06-05 10:59:19,819 INFO o.a.j.t.JMeterThread: Thread started: Thread Group 1-15
2021-06-05 10:59:19,847 INFO o.a.j.t.JMeterThread: Thread is done: Thread Group 1-15
2021-06-05 10:59:19,848 INFO o.a.j.t.JMeterThread: Thread finished: Thread Group 1-15
2021-06-05 10:59:19,850 INFO o.a.j.t.JMeterThread: Thread started: Thread Group 1-16
2021-06-05 10:59:19,861 INFO o.a.j.t.JMeterThread: Thread is done: Thread Group 1-16
2021-06-05 10:59:19,862 INFO o.a.j.t.JMeterThread: Thread finished: Thread Group 1-16
2021-06-05 10:59:19,884 INFO o.a.j.t.JMeterThread: Thread started: Thread Group 1-17
2021-06-05 10:59:19,900 INFO o.a.j.t.JMeterThread: Thread is done: Thread Group 1-17
2021-06-05 10:59:19,900 INFO o.a.j.t.JMeterThread: Thread finished: Thread Group 1-17
2021-06-05 10:59:19,917 INFO o.a.j.t.JMeterThread: Thread started: Thread Group 1-18
2021-06-05 10:59:19,945 INFO o.a.j.t.JMeterThread: Thread is done: Thread Group 1-18
2021-06-05 10:59:19,945 INFO o.a.j.t.JMeterThread: Thread finished: Thread Group 1-18
2021-06-05 10:59:19,949 INFO o.a.j.t.JMeterThread: Thread started: Thread Group 1-19
2021-06-05 10:59:19,959 INFO o.a.j.t.JMeterThread: Thread is done: Thread Group 1-19
2021-06-05 10:59:19,959 INFO o.a.j.t.JMeterThread: Thread finished: Thread Group 1-19
2021-06-05 10:59:19,984 INFO o.a.j.t.JMeterThread: Thread started: Thread Group 1-20
2021-06-05 10:59:20,002 INFO o.a.j.t.JMeterThread: Thread is done: Thread Group 1-20
2021-06-05 10:59:20,002 INFO o.a.j.t.JMeterThread: Thread finished: Thread Group 1-20
2021-06-05 10:59:20,019 INFO o.a.j.t.JMeterThread: Thread started: Thread Group 1-21
2021-06-05 10:59:20,047 INFO o.a.j.t.JMeterThread: Thread started: Thread Group 1-22
2021-06-05 10:59:20,048 INFO o.a.j.t.JMeterThread: Thread is done: Thread Group 1-21
2021-06-05 10:59:20,048 INFO o.a.j.t.JMeterThread: Thread finished: Thread Group 1-21
2021-06-05 10:59:20,062 INFO o.a.j.t.JMeterThread: Thread is done: Thread Group 1-22
2021-06-05 10:59:20,062 INFO o.a.j.t.JMeterThread: Thread finished: Thread Group 1-22
2021-06-05 10:59:20,084 INFO o.a.j.t.JMeterThread: Thread started: Thread Group 1-23
2021-06-05 10:59:20,100 INFO o.a.j.t.JMeterThread: Thread is done: Thread Group 1-23
2021-06-05 10:59:20,100 INFO o.a.j.t.JMeterThread: Thread finished: Thread Group 1-23
2021-06-05 10:59:20,114 INFO o.a.j.t.JMeterThread: Thread started: Thread Group 1-24
2021-06-05 10:59:20,126 INFO o.a.j.t.JMeterThread: Thread is done: Thread Group 1-24
2021-06-05 10:59:20,126 INFO o.a.j.t.JMeterThread: Thread finished: Thread Group 1-24
2021-06-05 10:59:20,151 INFO o.a.j.t.JMeterThread: Thread started: Thread Group 1-25
2021-06-05 10:59:20,162 INFO o.a.j.t.JMeterThread: Thread is done: Thread Group 1-25
2021-06-05 10:59:20,162 INFO o.a.j.t.JMeterThread: Thread finished: Thread Group 1-25
2021-06-05 10:59:20,183 INFO o.a.j.t.JMeterThread: Thread started: Thread Group 1-26
2021-06-05 10:59:20,202 INFO o.a.j.t.JMeterThread: Thread is done: Thread Group 1-26
2021-06-05 10:59:20,202 INFO o.a.j.t.JMeterThread: Thread finished: Thread Group 1-26
2021-06-05 10:59:20,214 INFO o.a.j.t.JMeterThread: Thread started: Thread Group 1-27
2021-06-05 10:59:20,223 INFO o.a.j.t.JMeterThread: Thread is done: Thread Group 1-27
2021-06-05 10:59:20,223 INFO o.a.j.t.JMeterThread: Thread finished: Thread Group 1-27
2021-06-05 10:59:20,249 INFO o.a.j.t.JMeterThread: Thread started: Thread Group 1-28
2021-06-05 10:59:20,258 INFO o.a.j.t.JMeterThread: Thread is done: Thread Group 1-28
2021-06-05 10:59:20,258 INFO o.a.j.t.JMeterThread: Thread finished: Thread Group 1-28
2021-06-05 10:59:20,279 INFO o.a.j.t.JMeterThread: Thread started: Thread Group 1-29
2021-06-05 10:59:20,299 INFO o.a.j.t.JMeterThread: Thread is done: Thread Group 1-29
2021-06-05 10:59:20,299 INFO o.a.j.t.JMeterThread: Thread finished: Thread Group 1-29
2021-06-05 10:59:20,314 INFO o.a.j.t.JMeterThread: Thread started: Thread Group 1-30
2021-06-05 10:59:20,322 INFO o.a.j.t.JMeterThread: Thread is done: Thread Group 1-30
2021-06-05 10:59:20,322 INFO o.a.j.t.JMeterThread: Thread finished: Thread Group 1-30
2021-06-05 10:59:20,323 INFO o.a.j.e.StandardJMeterEngine: Notifying test listeners of end of test
2021-06-05 10:59:20,323 INFO o.a.j.g.u.JMeterMenuBar: setRunning(false, *local*)
2021-06-05 11:07:50,254 INFO o.a.j.e.StandardJMeterEngine: Running the test!
2021-06-05 11:07:50,255 INFO o.a.j.s.SampleEvent: List of sample_variables: []
2021-06-05 11:07:50,255 INFO o.a.j.g.u.JMeterMenuBar: setRunning(true, *local*)
2021-06-05 11:07:50,294 INFO o.a.j.e.StandardJMeterEngine: Starting ThreadGroup: 1 : Thread Group
2021-06-05 11:07:50,294 INFO o.a.j.e.StandardJMeterEngine: Starting 30 threads for group Thread Group.
2021-06-05 11:07:50,294 INFO o.a.j.e.StandardJMeterEngine: Thread will continue on error
2021-06-05 11:07:50,294 INFO o.a.j.t.ThreadGroup: Starting thread group... number=1 threads=30 ramp-up=1 delayedStart=false
2021-06-05 11:07:50,295 INFO o.a.j.t.JMeterThread: Thread started: Thread Group 1-1
2021-06-05 11:07:50,300 INFO o.a.j.t.ThreadGroup: Started thread group number 1
2021-06-05 11:07:50,300 INFO o.a.j.e.StandardJMeterEngine: All thread groups have been started
2021-06-05 11:07:50,331 INFO o.a.j.t.JMeterThread: Thread started: Thread Group 1-2
2021-06-05 11:07:50,362 INFO o.a.j.t.JMeterThread: Thread started: Thread Group 1-3
2021-06-05 11:07:50,390 INFO o.a.j.t.JMeterThread: Thread is done: Thread Group 1-2
2021-06-05 11:07:50,390 INFO o.a.j.t.JMeterThread: Thread finished: Thread Group 1-2
2021-06-05 11:07:50,390 INFO o.a.j.t.JMeterThread: Thread is done: Thread Group 1-3
2021-06-05 11:07:50,390 INFO o.a.j.t.JMeterThread: Thread finished: Thread Group 1-3
2021-06-05 11:07:50,391 INFO o.a.j.t.JMeterThread: Thread is done: Thread Group 1-1
2021-06-05 11:07:50,391 INFO o.a.j.t.JMeterThread: Thread finished: Thread Group 1-1
2021-06-05 11:07:50,397 INFO o.a.j.t.JMeterThread: Thread started: Thread Group 1-4
2021-06-05 11:07:50,409 INFO o.a.j.t.JMeterThread: Thread is done: Thread Group 1-4
2021-06-05 11:07:50,409 INFO o.a.j.t.JMeterThread: Thread finished: Thread Group 1-4
2021-06-05 11:07:50,429 INFO o.a.j.t.JMeterThread: Thread started: Thread Group 1-5
2021-06-05 11:07:50,442 INFO o.a.j.t.JMeterThread: Thread is done: Thread Group 1-5
2021-06-05 11:07:50,442 INFO o.a.j.t.JMeterThread: Thread finished: Thread Group 1-5
2021-06-05 11:07:50,462 INFO o.a.j.t.JMeterThread: Thread started: Thread Group 1-6
2021-06-05 11:07:50,473 INFO o.a.j.t.JMeterThread: Thread is done: Thread Group 1-6
2021-06-05 11:07:50,473 INFO o.a.j.t.JMeterThread: Thread finished: Thread Group 1-6
2021-06-05 11:07:50,496 INFO o.a.j.t.JMeterThread: Thread started: Thread Group 1-7
2021-06-05 11:07:50,512 INFO o.a.j.t.JMeterThread: Thread is done: Thread Group 1-7
2021-06-05 11:07:50,512 INFO o.a.j.t.JMeterThread: Thread finished: Thread Group 1-7
2021-06-05 11:07:50,529 INFO o.a.j.t.JMeterThread: Thread started: Thread Group 1-8
2021-06-05 11:07:50,539 INFO o.a.j.t.JMeterThread: Thread is done: Thread Group 1-8
2021-06-05 11:07:50,539 INFO o.a.j.t.JMeterThread: Thread finished: Thread Group 1-8
2021-06-05 11:07:50,560 INFO o.a.j.t.JMeterThread: Thread started: Thread Group 1-9
2021-06-05 11:07:50,572 INFO o.a.j.t.JMeterThread: Thread is done: Thread Group 1-9
2021-06-05 11:07:50,572 INFO o.a.j.t.JMeterThread: Thread finished: Thread Group 1-9
2021-06-05 11:07:50,595 INFO o.a.j.t.JMeterThread: Thread started: Thread Group 1-10
2021-06-05 11:07:50,608 INFO o.a.j.t.JMeterThread: Thread is done: Thread Group 1-10
2021-06-05 11:07:50,608 INFO o.a.j.t.JMeterThread: Thread finished: Thread Group 1-10
2021-06-05 11:07:50,628 INFO o.a.j.t.JMeterThread: Thread started: Thread Group 1-11
2021-06-05 11:07:50,638 INFO o.a.j.t.JMeterThread: Thread is done: Thread Group 1-11
2021-06-05 11:07:50,638 INFO o.a.j.t.JMeterThread: Thread finished: Thread Group 1-11
2021-06-05 11:07:50,662 INFO o.a.j.t.JMeterThread: Thread started: Thread Group 1-12
2021-06-05 11:07:50,671 INFO o.a.j.t.JMeterThread: Thread is done: Thread Group 1-12
2021-06-05 11:07:50,671 INFO o.a.j.t.JMeterThread: Thread finished: Thread Group 1-12
2021-06-05 11:07:50,691 INFO o.a.j.t.JMeterThread: Thread started: Thread Group 1-13
2021-06-05 11:07:50,703 INFO o.a.j.t.JMeterThread: Thread is done: Thread Group 1-13
2021-06-05 11:07:50,704 INFO o.a.j.t.JMeterThread: Thread finished: Thread Group 1-13
2021-06-05 11:07:50,728 INFO o.a.j.t.JMeterThread: Thread started: Thread Group 1-14
2021-06-05 11:07:50,738 INFO o.a.j.t.JMeterThread: Thread is done: Thread Group 1-14
2021-06-05 11:07:50,738 INFO o.a.j.t.JMeterThread: Thread finished: Thread Group 1-14
2021-06-05 11:07:50,760 INFO o.a.j.t.JMeterThread: Thread started: Thread Group 1-15
2021-06-05 11:07:50,771 INFO o.a.j.t.JMeterThread: Thread is done: Thread Group 1-15
2021-06-05 11:07:50,771 INFO o.a.j.t.JMeterThread: Thread finished: Thread Group 1-15
2021-06-05 11:07:50,791 INFO o.a.j.t.JMeterThread: Thread started: Thread Group 1-16
2021-06-05 11:07:50,800 INFO o.a.j.t.JMeterThread: Thread is done: Thread Group 1-16
2021-06-05 11:07:50,800 INFO o.a.j.t.JMeterThread: Thread finished: Thread Group 1-16
2021-06-05 11:07:50,824 INFO o.a.j.t.JMeterThread: Thread started: Thread Group 1-17
2021-06-05 11:07:50,833 INFO o.a.j.t.JMeterThread: Thread is done: Thread Group 1-17
2021-06-05 11:07:50,833 INFO o.a.j.t.JMeterThread: Thread finished: Thread Group 1-17
2021-06-05 11:07:50,855 INFO o.a.j.t.JMeterThread: Thread started: Thread Group 1-18
2021-06-05 11:07:50,865 INFO o.a.j.t.JMeterThread: Thread is done: Thread Group 1-18
2021-06-05 11:07:50,865 INFO o.a.j.t.JMeterThread: Thread finished: Thread Group 1-18
2021-06-05 11:07:50,891 INFO o.a.j.t.JMeterThread: Thread started: Thread Group 1-19
2021-06-05 11:07:50,900 INFO o.a.j.t.JMeterThread: Thread is done: Thread Group 1-19
2021-06-05 11:07:50,900 INFO o.a.j.t.JMeterThread: Thread finished: Thread Group 1-19
2021-06-05 11:07:50,922 INFO o.a.j.t.JMeterThread: Thread started: Thread Group 1-20
2021-06-05 11:07:50,933 INFO o.a.j.t.JMeterThread: Thread is done: Thread Group 1-20
2021-06-05 11:07:50,933 INFO o.a.j.t.JMeterThread: Thread finished: Thread Group 1-20
2021-06-05 11:07:50,956 INFO o.a.j.t.JMeterThread: Thread started: Thread Group 1-21
2021-06-05 11:07:50,966 INFO o.a.j.t.JMeterThread: Thread is done: Thread Group 1-21
2021-06-05 11:07:50,966 INFO o.a.j.t.JMeterThread: Thread finished: Thread Group 1-21
2021-06-05 11:07:50,992 INFO o.a.j.t.JMeterThread: Thread started: Thread Group 1-22
2021-06-05 11:07:51,003 INFO o.a.j.t.JMeterThread: Thread is done: Thread Group 1-22
2021-06-05 11:07:51,003 INFO o.a.j.t.JMeterThread: Thread finished: Thread Group 1-22
2021-06-05 11:07:51,023 INFO o.a.j.t.JMeterThread: Thread started: Thread Group 1-23
2021-06-05 11:07:51,034 INFO o.a.j.t.JMeterThread: Thread is done: Thread Group 1-23
2021-06-05 11:07:51,034 INFO o.a.j.t.JMeterThread: Thread finished: Thread Group 1-23
2021-06-05 11:07:51,053 INFO o.a.j.t.JMeterThread: Thread started: Thread Group 1-24
2021-06-05 11:07:51,064 INFO o.a.j.t.JMeterThread: Thread is done: Thread Group 1-24
2021-06-05 11:07:51,064 INFO o.a.j.t.JMeterThread: Thread finished: Thread Group 1-24
2021-06-05 11:07:51,087 INFO o.a.j.t.JMeterThread: Thread started: Thread Group 1-25
2021-06-05 11:07:51,099 INFO o.a.j.t.JMeterThread: Thread is done: Thread Group 1-25
2021-06-05 11:07:51,099 INFO o.a.j.t.JMeterThread: Thread finished: Thread Group 1-25
2021-06-05 11:07:51,123 INFO o.a.j.t.JMeterThread: Thread started: Thread Group 1-26
2021-06-05 11:07:51,136 INFO o.a.j.t.JMeterThread: Thread is done: Thread Group 1-26
2021-06-05 11:07:51,137 INFO o.a.j.t.JMeterThread: Thread finished: Thread Group 1-26
2021-06-05 11:07:51,153 INFO o.a.j.t.JMeterThread: Thread started: Thread Group 1-27
2021-06-05 11:07:51,161 INFO o.a.j.t.JMeterThread: Thread is done: Thread Group 1-27
2021-06-05 11:07:51,161 INFO o.a.j.t.JMeterThread: Thread finished: Thread Group 1-27
2021-06-05 11:07:51,185 INFO o.a.j.t.JMeterThread: Thread started: Thread Group 1-28
2021-06-05 11:07:51,192 INFO o.a.j.t.JMeterThread: Thread is done: Thread Group 1-28
2021-06-05 11:07:51,193 INFO o.a.j.t.JMeterThread: Thread finished: Thread Group 1-28
2021-06-05 11:07:51,222 INFO o.a.j.t.JMeterThread: Thread started: Thread Group 1-29
2021-06-05 11:07:51,230 INFO o.a.j.t.JMeterThread: Thread is done: Thread Group 1-29
2021-06-05 11:07:51,230 INFO o.a.j.t.JMeterThread: Thread finished: Thread Group 1-29
2021-06-05 11:07:51,252 INFO o.a.j.t.JMeterThread: Thread started: Thread Group 1-30
2021-06-05 11:07:51,260 INFO o.a.j.t.JMeterThread: Thread is done: Thread Group 1-30
2021-06-05 11:07:51,260 INFO o.a.j.t.JMeterThread: Thread finished: Thread Group 1-30
2021-06-05 11:07:51,260 INFO o.a.j.e.StandardJMeterEngine: Notifying test listeners of end of test
2021-06-05 11:07:51,261 INFO o.a.j.g.u.JMeterMenuBar: setRunning(false, *local*)
